<?xml version="1.0" encoding="UTF-8"?>
<!-- Generated by org.testng.reporters.JUnitReportReporter -->
<testsuite hostname="Shumis-Air.fios-router.home" failures="0" tests="2" name="misc.UnitTest" time="0.021" errors="0" timestamp="2023-05-05T07:49:55 EDT" skipped="0">
  <testcase classname="misc.UnitTest" name="confiNumTest" time="0.017"/>
  <system-out/>
  <testcase classname="misc.UnitTest" name="configurationUnitTest" time="0.004"/>
  <system-out/>
</testsuite> <!-- misc.UnitTest -->
