<?xml version="1.0" encoding="UTF-8"?>
<!-- Generated by org.testng.reporters.JUnitReportReporter -->
<testsuite hostname="Shumis-Air.fios-router.home" failures="0" tests="1" name="auto.AutoTest" time="11.533" errors="0" timestamp="2023-05-06T02:25:23 EDT" skipped="0">
  <testcase classname="auto.AutoTest" name="findProvider" time="11.533"/>
  <system-out/>
</testsuite> <!-- auto.AutoTest -->
