<?xml version="1.0" encoding="UTF-8"?>
<!-- Generated by org.testng.reporters.JUnitReportReporter -->
<testsuite hostname="Shumis-Air.fios-router.home" failures="0" tests="1" name="AllTest.BankingTest" time="11.020" errors="0" timestamp="2023-05-12T13:17:36 EDT" skipped="0">
  <testcase classname="AllTest.BankingTest" name="insuranceTest" time="11.020"/>
  <system-out>
    <![CDATA[[[ChromeDriver: chrome on MAC (6ed15129028cd3df1d88c5877c67d999)] -> xpath: //button[@data-for="insurance"]] Has been clicked<b>]]>
  </system-out>
</testsuite> <!-- AllTest.BankingTest -->
