<?xml version="1.0" encoding="UTF-8"?>
<!-- Generated by org.testng.reporters.JUnitReportReporter -->
<testsuite hostname="Shumis-Air.fios-router.home" failures="0" tests="1" name="auto.AutoTest" time="47.699" errors="0" timestamp="2023-05-11T01:15:18 EDT" skipped="0">
  <testcase classname="auto.AutoTest" name="getA_Quote" time="47.699"/>
  <system-out/>
</testsuite> <!-- auto.AutoTest -->
